Content-Type: text/plain; charset="utf-8"
MIME-Version: 1.0
Content-Transfer-Encoding: 8bit
Subject: Password reset on 127.0.0.1:8000
From: webmaster@localhost
To: mariamlsufi@gmail.com
Date: Mon, 23 Oct 2023 01:48:11 -0000
Message-ID: <169802569171.28892.6877337001408331907@mariam_envy.ahuwc.local>


You're receiving this email because you requested a password reset for your user account at 127.0.0.1:8000.

Please go to the following page and choose a new password:

http://127.0.0.1:8000/accounts/reset/MQ/bwhlob-18c2385344c87b1fb9f6491957b77e04/

Your username, in case you’ve forgotten: missmimisufi

Thanks for using our site!

The 127.0.0.1:8000 team



-------------------------------------------------------------------------------
Content-Type: text/plain; charset="utf-8"
MIME-Version: 1.0
Content-Transfer-Encoding: 8bit
Subject: Password reset on 127.0.0.1:8000
From: webmaster@localhost
To: mariamlsufi@gmail.com
Date: Mon, 23 Oct 2023 01:48:11 -0000
Message-ID: <169802569172.28892.688131964772768078@mariam_envy.ahuwc.local>


You're receiving this email because you requested a password reset for your user account at 127.0.0.1:8000.

Please go to the following page and choose a new password:

http://127.0.0.1:8000/accounts/reset/Mw/bwhlob-6f6088778ecc67794cd95e884d608ece/

Your username, in case you’ve forgotten: mariamlsufi

Thanks for using our site!

The 127.0.0.1:8000 team



-------------------------------------------------------------------------------
